<?xml version="1.0" encoding="UTF-8"?>
<testsuite name="ComputerRepairRequestTest" tests="2" skipped="0" failures="0" errors="0" timestamp="2025-03-04T14:32:55" hostname="LAR_LOQ" time="0.062">
  <properties/>
  <testcase name="First" classname="ComputerRepairRequestTest" time="0.054"/>
  <testcase name="Second" classname="ComputerRepairRequestTest" time="0.003"/>
  <system-out><![CDATA[]]></system-out>
  <system-err><![CDATA[]]></system-err>
</testsuite>
